d:\codes\cpp\software_project\englishsolitaire\x64\debug\vc141.pdb
d:\codes\cpp\software_project\englishsolitaire\x64\debug\vc141.idb
d:\codes\cpp\software_project\englishsolitaire\x64\debug\digraph.obj
d:\codes\cpp\software_project\englishsolitaire\x64\debug\englishsolitaire.obj
d:\codes\cpp\software_project\englishsolitaire\x64\debug\englishsolitaire.pdb
d:\codes\cpp\software_project\englishsolitaire\x64\debug\englishsolitaire.tlog\cl.command.1.tlog
d:\codes\cpp\software_project\englishsolitaire\x64\debug\englishsolitaire.tlog\cl.read.1.tlog
d:\codes\cpp\software_project\englishsolitaire\x64\debug\englishsolitaire.tlog\cl.write.1.tlog
d:\codes\cpp\software_project\englishsolitaire\x64\debug\englishsolitaire.tlog\link-cvtres.read.1.tlog
d:\codes\cpp\software_project\englishsolitaire\x64\debug\englishsolitaire.tlog\link-cvtres.write.1.tlog
d:\codes\cpp\software_project\englishsolitaire\x64\debug\englishsolitaire.tlog\link-rc.read.1.tlog
d:\codes\cpp\software_project\englishsolitaire\x64\debug\englishsolitaire.tlog\link-rc.write.1.tlog
d:\codes\cpp\software_project\englishsolitaire\x64\debug\englishsolitaire.tlog\link.18824-cvtres.read.1.tlog
d:\codes\cpp\software_project\englishsolitaire\x64\debug\englishsolitaire.tlog\link.18824-cvtres.write.1.tlog
d:\codes\cpp\software_project\englishsolitaire\x64\debug\englishsolitaire.tlog\link.18824-rc.read.1.tlog
d:\codes\cpp\software_project\englishsolitaire\x64\debug\englishsolitaire.tlog\link.18824-rc.write.1.tlog
d:\codes\cpp\software_project\englishsolitaire\x64\debug\englishsolitaire.tlog\link.18824.read.1.tlog
d:\codes\cpp\software_project\englishsolitaire\x64\debug\englishsolitaire.tlog\link.18824.write.1.tlog
d:\codes\cpp\software_project\englishsolitaire\x64\debug\englishsolitaire.tlog\link.command.1.tlog
d:\codes\cpp\software_project\englishsolitaire\x64\debug\englishsolitaire.tlog\link.read.1.tlog
d:\codes\cpp\software_project\englishsolitaire\x64\debug\englishsolitaire.tlog\link.write.1.tlog
